<?xml version="1.0" encoding="UTF-8"?>
<testng-results ignored="0" total="1" passed="1" failed="0" skipped="0">
  <reporter-output>
  </reporter-output>
  <suite started-at="2020-05-16T18:17:00 CEST" name="Default suite" finished-at="2020-05-16T18:17:47 CEST" duration-ms="46873">
    <groups>
    </groups>
    <test started-at="2020-05-16T18:17:00 CEST" name="Default test" finished-at="2020-05-16T18:17:47 CEST" duration-ms="46873">
      <class name="page.test.ProductTest">
        <test-method is-config="true" signature="setUp()[pri:0, instance:page.test.ProductTest@275bf9b3]" started-at="2020-05-16T18:17:00 CEST" name="setUp" finished-at="2020-05-16T18:17:09 CEST" duration-ms="8815" status="PASS">
          <reporter-output>
          </reporter-output>
        </test-method> <!-- setUp -->
        <test-method is-config="true" signature="goHome()[pri:0, instance:page.test.ProductTest@275bf9b3]" started-at="2020-05-16T18:17:09 CEST" name="goHome" finished-at="2020-05-16T18:17:09 CEST" duration-ms="1" status="PASS">
          <reporter-output>
          </reporter-output>
        </test-method> <!-- goHome -->
        <test-method signature="prodTest()[pri:0, instance:page.test.ProductTest@275bf9b3]" started-at="2020-05-16T18:17:09 CEST" name="prodTest" finished-at="2020-05-16T18:17:46 CEST" duration-ms="37170" status="PASS">
          <reporter-output>
          </reporter-output>
        </test-method> <!-- prodTest -->
        <test-method is-config="true" signature="quitBrowser()[pri:0, instance:page.test.ProductTest@275bf9b3]" started-at="2020-05-16T18:17:46 CEST" name="quitBrowser" finished-at="2020-05-16T18:17:47 CEST" duration-ms="798" status="PASS">
          <reporter-output>
          </reporter-output>
        </test-method> <!-- quitBrowser -->
      </class> <!-- page.test.ProductTest -->
    </test> <!-- Default test -->
  </suite> <!-- Default suite -->
</testng-results>
