<?xml version="1.0" encoding="UTF-8"?>
<!-- Generated by org.testng.reporters.JUnitXMLReporter -->
<testsuite ignored="4" hostname="Lenovo-PC" failures="0" tests="0" time="0.008" errors="0" timestamp="2020-05-15T16:48:47 CEST">
  <testcase classname="page.test.RegistartionTest" name="regTest3" time="0.0">
    <ignored/>
  </testcase> <!-- regTest3 -->
  <testcase classname="page.test.RegistartionTest" name="regTest2" time="0.0">
    <ignored/>
  </testcase> <!-- regTest2 -->
  <testcase classname="page.test.RegistartionTest" name="regTest4" time="0.0">
    <ignored/>
  </testcase> <!-- regTest4 -->
  <testcase classname="page.test.RegistartionTest" name="regTest" time="0.0">
    <ignored/>
  </testcase> <!-- regTest -->
</testsuite>
